# JRE version: OpenJDK Runtime Environment (7.0_75-b13) (build 1.7.0_75-b13)
# Java VM: OpenJDK Client VM (24.75-b04 mixed mode, sharing linux-x86 )
Heap
 def new generation   total 5952K, used 0K [0x6f200000, 0x6f870000, 0x79950000)
  eden space 5312K,   0% used [0x6f200000, 0x6f200000, 0x6f730000)
  from space 640K,   0% used [0x6f730000, 0x6f730000, 0x6f7d0000)
  to   space 640K,   0% used [0x6f7d0000, 0x6f7d0000, 0x6f870000)
 tenured generation   total 13060K, used 7834K [0x79950000, 0x7a611000, 0x8e800000)
   the space 13060K,  59% used [0x79950000, 0x7a0f6a60, 0x7a0f6c00, 0x7a611000)
 compacting perm gen  total 22016K, used 21919K [0x8e800000, 0x8fd80000, 0x92800000)
   the space 22016K,  99% used [0x8e800000, 0x8fd67f80, 0x8fd68000, 0x8fd80000)
    ro space 10240K,  58% used [0x92800000, 0x92de1288, 0x92de1400, 0x93200000)
    rw space 12288K,  59% used [0x93200000, 0x93916100, 0x93916200, 0x93e00000)
GC Heap History (10 events):
Event: 20.635 GC heap before
{Heap before GC invocations=56 (full 2):
 def new generation   total 4928K, used 1112K [0x6f200000, 0x6f750000, 0x79950000)
  eden space 4416K,  13% used [0x6f200000, 0x6f296300, 0x6f650000)
  from space 512K, 100% used [0x6f650000, 0x6f6d0000, 0x6f6d0000)
  to   space 512K,   0% used [0x6f6d0000, 0x6f6d0000, 0x6f750000)
 tenured generation   total 10752K, used 6434K [0x79950000, 0x7a3d0000, 0x8e800000)
   the space 10752K,  59% used [0x79950000, 0x79f98a28, 0x79f98c00, 0x7a3d0000)
 compacting perm gen  total 20992K, used 20923K [0x8e800000, 0x8fc80000, 0x92800000)
   the space 20992K,  99% used [0x8e800000, 0x8fc6ee28, 0x8fc6f000, 0x8fc80000)
    ro space 10240K,  58% used [0x92800000, 0x92de1288, 0x92de1400, 0x93200000)
    rw space 12288K,  59% used [0x93200000, 0x93916100, 0x93916200, 0x93e00000)
Event: 20.637 GC heap after
Heap after GC invocations=57 (full 2):
 def new generation   total 4928K, used 71K [0x6f200000, 0x6f750000, 0x79950000)
  eden space 4416K,   0% used [0x6f200000, 0x6f200000, 0x6f650000)
  from space 512K,  13% used [0x6f6d0000, 0x6f6e1e90, 0x6f750000)
  to   space 512K,   0% used [0x6f650000, 0x6f650000, 0x6f6d0000)
 tenured generation   total 10752K, used 6691K [0x79950000, 0x7a3d0000, 0x8e800000)
   the space 10752K,  62% used [0x79950000, 0x79fd8c60, 0x79fd8e00, 0x7a3d0000)
 compacting perm gen  total 20992K, used 20923K [0x8e800000, 0x8fc80000, 0x92800000)
   the space 20992K,  99% used [0x8e800000, 0x8fc6ee28, 0x8fc6f000, 0x8fc80000)
    ro space 10240K,  58% used [0x92800000, 0x92de1288, 0x92de1400, 0x93200000)
    rw space 12288K,  59% used [0x93200000, 0x93916100, 0x93916200, 0x93e00000)
}
Event: 20.780 GC heap before
{Heap before GC invocations=57 (full 2):
 def new generation   total 4928K, used 4484K [0x6f200000, 0x6f750000, 0x79950000)
  eden space 4416K,  99% used [0x6f200000, 0x6f64f440, 0x6f650000)
  from space 512K,  13% used [0x6f6d0000, 0x6f6e1e90, 0x6f750000)
  to   space 512K,   0% used [0x6f650000, 0x6f650000, 0x6f6d0000)
 tenured generation   total 10752K, used 6691K [0x79950000, 0x7a3d0000, 0x8e800000)
   the space 10752K,  62% used [0x79950000, 0x79fd8c60, 0x79fd8e00, 0x7a3d0000)
 compacting perm gen  total 20992K, used 20943K [0x8e800000, 0x8fc80000, 0x92800000)
   the space 20992K,  99% used [0x8e800000, 0x8fc73ef8, 0x8fc74000, 0x8fc80000)
    ro space 10240K,  58% used [0x92800000, 0x92de1288, 0x92de1400, 0x93200000)
    rw space 12288K,  59% used [0x93200000, 0x93916100, 0x93916200, 0x93e00000)
Event: 20.804 GC heap after
Heap after GC invocations=58 (full 2):
 def new generation   total 4928K, used 57K [0x6f200000, 0x6f750000, 0x79950000)
  eden space 4416K,   0% used [0x6f200000, 0x6f200000, 0x6f650000)
  from space 512K,  11% used [0x6f650000, 0x6f65e590, 0x6f6d0000)
  to   space 512K,   0% used [0x6f6d0000, 0x6f6d0000, 0x6f750000)
 tenured generation   total 10752K, used 6691K [0x79950000, 0x7a3d0000, 0x8e800000)
   the space 10752K,  62% used [0x79950000, 0x79fd8c60, 0x79fd8e00, 0x7a3d0000)
 compacting perm gen  total 20992K, used 20943K [0x8e800000, 0x8fc80000, 0x92800000)
   the space 20992K,  99% used [0x8e800000, 0x8fc73ef8, 0x8fc74000, 0x8fc80000)
    ro space 10240K,  58% used [0x92800000, 0x92de1288, 0x92de1400, 0x93200000)
    rw space 12288K,  59% used [0x93200000, 0x93916100, 0x93916200, 0x93e00000)
}
Event: 21.343 GC heap before
{Heap before GC invocations=58 (full 2):
 def new generation   total 4928K, used 4473K [0x6f200000, 0x6f750000, 0x79950000)
  eden space 4416K, 100% used [0x6f200000, 0x6f650000, 0x6f650000)
  from space 512K,  11% used [0x6f650000, 0x6f65e590, 0x6f6d0000)
  to   space 512K,   0% used [0x6f6d0000, 0x6f6d0000, 0x6f750000)
 tenured generation   total 10752K, used 6691K [0x79950000, 0x7a3d0000, 0x8e800000)
   the space 10752K,  62% used [0x79950000, 0x79fd8c60, 0x79fd8e00, 0x7a3d0000)
 compacting perm gen  total 21504K, used 21355K [0x8e800000, 0x8fd00000, 0x92800000)
   the space 21504K,  99% used [0x8e800000, 0x8fcdad98, 0x8fcdae00, 0x8fd00000)
    ro space 10240K,  58% used [0x92800000, 0x92de1288, 0x92de1400, 0x93200000)
    rw space 12288K,  59% used [0x93200000, 0x93916100, 0x93916200, 0x93e00000)
Event: 21.362 GC heap after
Heap after GC invocations=59 (full 2):
 def new generation   total 4928K, used 512K [0x6f200000, 0x6f750000, 0x79950000)
  eden space 4416K,   0% used [0x6f200000, 0x6f200000, 0x6f650000)
  from space 512K, 100% used [0x6f6d0000, 0x6f750000, 0x6f750000)
  to   space 512K,   0% used [0x6f650000, 0x6f650000, 0x6f6d0000)
 tenured generation   total 10752K, used 6929K [0x79950000, 0x7a3d0000, 0x8e800000)
   the space 10752K,  64% used [0x79950000, 0x7a014720, 0x7a014800, 0x7a3d0000)
 compacting perm gen  total 21504K, used 21355K [0x8e800000, 0x8fd00000, 0x92800000)
   the space 21504K,  99% used [0x8e800000, 0x8fcdad98, 0x8fcdae00, 0x8fd00000)
    ro space 10240K,  58% used [0x92800000, 0x92de1288, 0x92de1400, 0x93200000)
    rw space 12288K,  59% used [0x93200000, 0x93916100, 0x93916200, 0x93e00000)
}
Event: 26.772 GC heap before
{Heap before GC invocations=59 (full 2):
 def new generation   total 4928K, used 4928K [0x6f200000, 0x6f750000, 0x79950000)
  eden space 4416K, 100% used [0x6f200000, 0x6f650000, 0x6f650000)
  from space 512K, 100% used [0x6f6d0000, 0x6f750000, 0x6f750000)
  to   space 512K,   0% used [0x6f650000, 0x6f650000, 0x6f6d0000)
 tenured generation   total 10752K, used 6929K [0x79950000, 0x7a3d0000, 0x8e800000)
   the space 10752K,  64% used [0x79950000, 0x7a014720, 0x7a014800, 0x7a3d0000)
 compacting perm gen  total 21760K, used 21612K [0x8e800000, 0x8fd40000, 0x92800000)
   the space 21760K,  99% used [0x8e800000, 0x8fd1b2d8, 0x8fd1b400, 0x8fd40000)
    ro space 10240K,  58% used [0x92800000, 0x92de1288, 0x92de1400, 0x93200000)
    rw space 12288K,  59% used [0x93200000, 0x93916100, 0x93916200, 0x93e00000)
Event: 26.788 GC heap after
Heap after GC invocations=60 (full 2):
 def new generation   total 4928K, used 512K [0x6f200000, 0x6f750000, 0x79950000)
  eden space 4416K,   0% used [0x6f200000, 0x6f200000, 0x6f650000)
  from space 512K, 100% used [0x6f650000, 0x6f6d0000, 0x6f6d0000)
  to   space 512K,   0% used [0x6f6d0000, 0x6f6d0000, 0x6f750000)
 tenured generation   total 10752K, used 8167K [0x79950000, 0x7a3d0000, 0x8e800000)
   the space 10752K,  75% used [0x79950000, 0x7a149d60, 0x7a149e00, 0x7a3d0000)
 compacting perm gen  total 21760K, used 21612K [0x8e800000, 0x8fd40000, 0x92800000)
   the space 21760K,  99% used [0x8e800000, 0x8fd1b2d8, 0x8fd1b400, 0x8fd40000)
    ro space 10240K,  58% used [0x92800000, 0x92de1288, 0x92de1400, 0x93200000)
    rw space 12288K,  59% used [0x93200000, 0x93916100, 0x93916200, 0x93e00000)
}
Event: 26.923 GC heap before
{Heap before GC invocations=60 (full 2):
 def new generation   total 4928K, used 3506K [0x6f200000, 0x6f750000, 0x79950000)
  eden space 4416K,  67% used [0x6f200000, 0x6f4ec9d8, 0x6f650000)
  from space 512K, 100% used [0x6f650000, 0x6f6d0000, 0x6f6d0000)
  to   space 512K,   0% used [0x6f6d0000, 0x6f6d0000, 0x6f750000)
 tenured generation   total 10752K, used 8167K [0x79950000, 0x7a3d0000, 0x8e800000)
   the space 10752K,  75% used [0x79950000, 0x7a149d60, 0x7a149e00, 0x7a3d0000)
 compacting perm gen  total 22016K, used 21919K [0x8e800000, 0x8fd80000, 0x92800000)
   the space 22016K,  99% used [0x8e800000, 0x8fd67f80, 0x8fd68000, 0x8fd80000)
    ro space 10240K,  58% used [0x92800000, 0x92de1288, 0x92de1400, 0x93200000)
    rw space 12288K,  59% used [0x93200000, 0x93916100, 0x93916200, 0x93e00000)
Event: 27.133 GC heap after
Heap after GC invocations=61 (full 3):
 def new generation   total 5952K, used 0K [0x6f200000, 0x6f870000, 0x79950000)
  eden space 5312K,   0% used [0x6f200000, 0x6f200000, 0x6f730000)
  from space 640K,   0% used [0x6f730000, 0x6f730000, 0x6f7d0000)
  to   space 640K,   0% used [0x6f7d0000, 0x6f7d0000, 0x6f870000)
 tenured generation   total 13060K, used 7834K [0x79950000, 0x7a611000, 0x8e800000)
   the space 13060K,  59% used [0x79950000, 0x7a0f6a60, 0x7a0f6c00, 0x7a611000)
 compacting perm gen  total 22016K, used 21919K [0x8e800000, 0x8fd80000, 0x92800000)
   the space 22016K,  99% used [0x8e800000, 0x8fd67f80, 0x8fd68000, 0x8fd80000)
    ro space 10240K,  58% used [0x92800000, 0x92de1288, 0x92de1400, 0x93200000)
    rw space 12288K,  59% used [0x93200000, 0x93916100, 0x93916200, 0x93e00000)
}

